-------------------------------------------------------------------------------
Test set: AllureReportTest
-------------------------------------------------------------------------------
Tests run: 1, Failures: 0, Errors: 1, Skipped: 0, Time elapsed: 6.331 sec <<< FAILURE! - in AllureReportTest
tryInsurance(AllureReportTest)  Time elapsed: 0.408 sec  <<< ERROR!
java.lang.NoClassDefFoundError: javax/xml/bind/ValidationEventLocator
	at AllureReportTest.tryInsurance(AllureReportTest.java:17)
Caused by: java.lang.ClassNotFoundException: javax.xml.bind.ValidationEventLocator
	at AllureReportTest.tryInsurance(AllureReportTest.java:17)

