<?xml version="1.0" encoding="UTF-8"?>
<testsuite xmlns:xsi="http://www.w3.org/2001/XMLSchema-instance" xsi:schemaLocation="https://maven.apache.org/surefire/maven-surefire-plugin/xsd/surefire-test-report.xsd" name="AllureReportTest" time="6.331" tests="1" errors="1" skipped="0" failures="0">
  <properties>
[...]
</properties>
  <testcase name="tryInsurance" classname="AllureReportTest" time="0.408">
    <error message="javax/xml/bind/ValidationEventLocator" type="java.lang.NoClassDefFoundError">java.lang.NoClassDefFoundError: javax/xml/bind/ValidationEventLocator
	at AllureReportTest.tryInsurance(AllureReportTest.java:17)
Caused by: java.lang.ClassNotFoundException: javax.xml.bind.ValidationEventLocator
	at AllureReportTest.tryInsurance(AllureReportTest.java:17)
</error>
    <system-err><![CDATA[Starting ChromeDriver 2.35.528161 (5b82f2d2aae0ca24b877009200ced9065a772e73) on port 1556
Only local connections are allowed.
янв. 26, 2018 10:55:57 ПП org.openqa.selenium.remote.ProtocolHandshake createSession
INFO: Detected dialect: OSS
]]></system-err>
  </testcase>
</testsuite>